c:\users\chandrasekar\documents\visual studio 2013\projects\backprop_epoch\backprop_epoch\debug\vc120.pdb
c:\users\chandrasekar\documents\visual studio 2013\projects\backprop_epoch\backprop_epoch\debug\vc120.idb
c:\users\chandrasekar\documents\visual studio 2013\projects\backprop_epoch\backprop_epoch\debug\source.obj
c:\users\chandrasekar\documents\visual studio 2013\projects\backprop_epoch\debug\backprop_epoch.pdb
c:\users\chandrasekar\documents\visual studio 2013\projects\backprop_epoch\backprop_epoch\debug\backprop_epoch.tlog\cl.command.1.tlog
c:\users\chandrasekar\documents\visual studio 2013\projects\backprop_epoch\backprop_epoch\debug\backprop_epoch.tlog\cl.read.1.tlog
c:\users\chandrasekar\documents\visual studio 2013\projects\backprop_epoch\backprop_epoch\debug\backprop_epoch.tlog\cl.write.1.tlog
c:\users\chandrasekar\documents\visual studio 2013\projects\backprop_epoch\backprop_epoch\debug\backprop_epoch.tlog\link-cvtres.read.1.tlog
c:\users\chandrasekar\documents\visual studio 2013\projects\backprop_epoch\backprop_epoch\debug\backprop_epoch.tlog\link-cvtres.write.1.tlog
c:\users\chandrasekar\documents\visual studio 2013\projects\backprop_epoch\backprop_epoch\debug\backprop_epoch.tlog\link-rc.read.1.tlog
c:\users\chandrasekar\documents\visual studio 2013\projects\backprop_epoch\backprop_epoch\debug\backprop_epoch.tlog\link-rc.write.1.tlog
c:\users\chandrasekar\documents\visual studio 2013\projects\backprop_epoch\backprop_epoch\debug\backprop_epoch.tlog\link.16196-cvtres.read.1.tlog
c:\users\chandrasekar\documents\visual studio 2013\projects\backprop_epoch\backprop_epoch\debug\backprop_epoch.tlog\link.16196-cvtres.write.1.tlog
c:\users\chandrasekar\documents\visual studio 2013\projects\backprop_epoch\backprop_epoch\debug\backprop_epoch.tlog\link.16196-rc.read.1.tlog
c:\users\chandrasekar\documents\visual studio 2013\projects\backprop_epoch\backprop_epoch\debug\backprop_epoch.tlog\link.16196-rc.write.1.tlog
c:\users\chandrasekar\documents\visual studio 2013\projects\backprop_epoch\backprop_epoch\debug\backprop_epoch.tlog\link.16196.read.1.tlog
c:\users\chandrasekar\documents\visual studio 2013\projects\backprop_epoch\backprop_epoch\debug\backprop_epoch.tlog\link.16196.write.1.tlog
c:\users\chandrasekar\documents\visual studio 2013\projects\backprop_epoch\backprop_epoch\debug\backprop_epoch.tlog\link.command.1.tlog
c:\users\chandrasekar\documents\visual studio 2013\projects\backprop_epoch\backprop_epoch\debug\backprop_epoch.tlog\link.read.1.tlog
c:\users\chandrasekar\documents\visual studio 2013\projects\backprop_epoch\backprop_epoch\debug\backprop_epoch.tlog\link.write.1.tlog
